0 info it worked if it ends with ok
1 verbose cli [ '/usr/local/bin/node',
1 verbose cli   '/usr/local/bin/npm',
1 verbose cli   'install',
1 verbose cli   'keithwhor/multithread.js' ]
2 info using npm@1.4.28
3 info using node@v0.10.34
4 warn package.json I-Like@1.0.0 No description
5 warn package.json I-Like@1.0.0 No README data
6 warn package.json require-css@0.1.5 No repository field.
7 verbose readDependencies using package.json deps
8 verbose cache add [ 'keithwhor/multithread.js', null ]
9 verbose cache add name=undefined spec="keithwhor/multithread.js" args=["keithwhor/multithread.js",null]
10 verbose parsed url { protocol: null,
10 verbose parsed url   slashes: null,
10 verbose parsed url   auth: null,
10 verbose parsed url   host: null,
10 verbose parsed url   port: null,
10 verbose parsed url   hostname: null,
10 verbose parsed url   hash: null,
10 verbose parsed url   search: null,
10 verbose parsed url   query: null,
10 verbose parsed url   pathname: 'keithwhor/multithread.js',
10 verbose parsed url   path: 'keithwhor/multithread.js',
10 verbose parsed url   href: 'keithwhor/multithread.js' }
11 silly lockFile be158236-keithwhor-multithread-js keithwhor/multithread.js
12 verbose lock keithwhor/multithread.js /home/exam/.npm/be158236-keithwhor-multithread-js.lock
13 info maybeGithub Attempting keithwhor/multithread.js from git://github.com/keithwhor/multithread.js
14 silly lockFile c5dece3b-hub-com-keithwhor-multithread-js git://github.com/keithwhor/multithread.js
15 verbose lock git://github.com/keithwhor/multithread.js /home/exam/.npm/c5dece3b-hub-com-keithwhor-multithread-js.lock
16 verbose addRemoteGit [ 'git://github.com/keithwhor/multithread.js', 'master' ]
17 verbose git remote.origin.url git://github.com/keithwhor/multithread.js
18 verbose git fetch -a origin (git://github.com/keithwhor/multithread.js)
19 verbose git rev-list -n1 master 7afd43bd44810c7da07c7ae80e90d69418cba18a
20 verbose resolved git url git://github.com/keithwhor/multithread.js#7afd43bd44810c7da07c7ae80e90d69418cba18a
21 verbose tar unpack /tmp/npm-6080-07Ay6IHX/1419048704047-0.5596518535166979/tmp.tgz
22 silly lockFile 7b9d7a01--5596518535166979-tmp-tgz-unpack tar:///tmp/npm-6080-07Ay6IHX/1419048704047-0.5596518535166979/tmp.tgz-unpack
23 verbose lock tar:///tmp/npm-6080-07Ay6IHX/1419048704047-0.5596518535166979/tmp.tgz-unpack /home/exam/.npm/7b9d7a01--5596518535166979-tmp-tgz-unpack.lock
24 silly lockFile ad107bab-04047-0-5596518535166979-tmp-tgz tar:///tmp/npm-6080-07Ay6IHX/1419048704047-0.5596518535166979/tmp.tgz
25 verbose lock tar:///tmp/npm-6080-07Ay6IHX/1419048704047-0.5596518535166979/tmp.tgz /home/exam/.npm/ad107bab-04047-0-5596518535166979-tmp-tgz.lock
26 silly gunzTarPerm modes [ '775', '664' ]
27 silly gunzTarPerm extractEntry
28 silly gunzTarPerm extractEntry LICENSE
29 silly gunzTarPerm extractEntry README.md
30 silly gunzTarPerm extractEntry multithread.js
31 silly lockFile 7b9d7a01--5596518535166979-tmp-tgz-unpack tar:///tmp/npm-6080-07Ay6IHX/1419048704047-0.5596518535166979/tmp.tgz-unpack
32 silly lockFile 7b9d7a01--5596518535166979-tmp-tgz-unpack tar:///tmp/npm-6080-07Ay6IHX/1419048704047-0.5596518535166979/tmp.tgz-unpack
33 silly lockFile ad107bab-04047-0-5596518535166979-tmp-tgz tar:///tmp/npm-6080-07Ay6IHX/1419048704047-0.5596518535166979/tmp.tgz
34 silly lockFile ad107bab-04047-0-5596518535166979-tmp-tgz tar:///tmp/npm-6080-07Ay6IHX/1419048704047-0.5596518535166979/tmp.tgz
35 silly lockFile c5dece3b-hub-com-keithwhor-multithread-js git://github.com/keithwhor/multithread.js
36 silly lockFile c5dece3b-hub-com-keithwhor-multithread-js git://github.com/keithwhor/multithread.js
37 info maybeGithub Attempting keithwhor/multithread.js from git+ssh://git@github.com:keithwhor/multithread.js
38 silly lockFile 98fb9e77-hub-com-keithwhor-multithread-js git@github.com:keithwhor/multithread.js
39 verbose lock git@github.com:keithwhor/multithread.js /home/exam/.npm/98fb9e77-hub-com-keithwhor-multithread-js.lock
40 verbose addRemoteGit [ 'git@github.com:keithwhor/multithread.js', 'master' ]
41 error git clone git@github.com:keithwhor/multithread.js Cloning into bare repository '/home/exam/.npm/_git-remotes/git-github-com-keithwhor-multithread-js-98fb9e77'...
41 error git clone git@github.com:keithwhor/multithread.js Warning: Permanently added the RSA host key for IP address '192.30.252.131' to the list of known hosts.
41 error git clone git@github.com:keithwhor/multithread.js Permission denied (publickey).
41 error git clone git@github.com:keithwhor/multithread.js fatal: Could not read from remote repository.
41 error git clone git@github.com:keithwhor/multithread.js
41 error git clone git@github.com:keithwhor/multithread.js Please make sure you have the correct access rights
41 error git clone git@github.com:keithwhor/multithread.js and the repository exists.
42 silly lockFile 98fb9e77-hub-com-keithwhor-multithread-js git@github.com:keithwhor/multithread.js
43 silly lockFile 98fb9e77-hub-com-keithwhor-multithread-js git@github.com:keithwhor/multithread.js
44 silly lockFile be158236-keithwhor-multithread-js keithwhor/multithread.js
45 silly lockFile be158236-keithwhor-multithread-js keithwhor/multithread.js
46 error addLocal Could not install keithwhor/multithread.js
47 error Error: ENOENT, stat 'keithwhor/multithread.js'
48 error If you need help, you may report this *entire* log,
48 error including the npm and node versions, at:
48 error     <http://github.com/npm/npm/issues>
49 error System Linux 3.13.0-43-generic
50 error command "/usr/local/bin/node" "/usr/local/bin/npm" "install" "keithwhor/multithread.js"
51 error cwd /home/exam/github/I-Like
52 error node -v v0.10.34
53 error npm -v 1.4.28
54 error path keithwhor/multithread.js
55 error code ENOENT
56 error errno 34
57 verbose exit [ 34, true ]
